Sui testnet environment setup started at Sun Sep 28 01:09:39 CEST 2025
2025-09-28 01:09:39 INFO: Starting Sui testnet environment setup for MeltyFi protocol...
2025-09-28 01:09:39 INFO: This script will configure your Sui CLI for testnet deployment.
2025-09-28 01:09:39 STEP: Checking prerequisites...
2025-09-28 01:09:39 SUCCESS: Sui CLI found: sui 1.57.0-homebrew
2025-09-28 01:09:39 STEP: Configuring Sui client for testnet...
2025-09-28 01:09:39 INFO: Configuring testnet environment...
2025-09-28 01:09:39 INFO: Testnet environment already exists
2025-09-28 01:09:39 INFO: Switching to testnet...
2025-09-28 01:09:39 SUCCESS: Switched to testnet
2025-09-28 01:09:39 SUCCESS: Successfully configured for testnet
2025-09-28 01:09:39 STEP: Setting up Sui address...
2025-09-28 01:09:39 INFO: Checking for existing addresses...
2025-09-28 01:09:40 SUCCESS: Existing address found
2025-09-28 01:09:40 INFO: Found 1 address(es)
2025-09-28 01:09:40 SUCCESS: Active address: 0xafc389a84a1c4f478a3bc849875b50c704954fdfbe3f12758306dcec90934e8f
2025-09-28 01:09:40 STEP: Checking SUI balance and faucet setup...
2025-09-28 01:09:40 INFO: Checking balance for address: 0xafc389a84a1c4f478a3bc849875b50c704954fdfbe3f12758306dcec90934e8f
2025-09-28 01:09:41 INFO: Current balance: 1.70 SUI
2025-09-28 01:09:41 SUCCESS: ✨ SUI balance available: 1.70 SUI
2025-09-28 01:09:41 SUCCESS: Excellent balance for contract deployment!
2025-09-28 01:09:41 STEP: Configuration Summary
2025-09-28 01:09:44 SUCCESS: 🎉 Sui testnet environment setup complete!
2025-09-28 01:09:44 INFO: 
2025-09-28 01:09:44 INFO: Next steps:
2025-09-28 01:09:44 INFO: 1. Run the deployment script: ./scripts/deployment.sh
2025-09-28 01:09:44 INFO: 2. Or use the project scripts: npm run deploy:testnet
2025-09-28 01:09:44 INFO: 
2025-09-28 01:09:44 INFO: For troubleshooting, check the log: /Users/youssef/Desktop/hackathon-SUI-BSA/scripts/../sui_setup.log
2025-09-28 01:09:45 INFO: Configuration saved to: /Users/youssef/Desktop/hackathon-SUI-BSA/scripts/../sui-config.txt
